C51 COMPILER V9.54   MAIN                                                                  05/12/2016 12:13:50 PAGE 1   


C51 COMPILER V9.54, COMPILATION OF MODULE MAIN
OBJECT MODULE PLACED IN .\Objects\main.obj
COMPILER INVOKED BY: C:\Keil_v5\C51\BIN\C51.EXE main.c OPTIMIZE(8,SPEED) BROWSE DEBUG OBJECTEXTEND PRINT(.\Listings\main
                    -.lst) TABS(2) OBJECT(.\Objects\main.obj)

line level    source

   1          /*
   2          Blinking LED program 
   3          
   4          Connect LED's to PORT 2
   5          */
   6          #include <reg51.h>
   7          
   8          void delay(int d){
   9   1      int i,j;
  10   1        for(i=0;i<d;i++){
  11   2        for(j=0;j<256;j++);
  12   2        }
  13   1      }
  14          
  15          int main(){
  16   1      P2=0x00;
  17   1        while(1){
  18   2         P2=0xFF;
  19   2         delay(1000);
  20   2         P2=0x00;
  21   2         delay(1000);   
  22   2        }
  23   1      }


MODULE INFORMATION:   STATIC OVERLAYABLE
   CODE SIZE        =     61    ----
   CONSTANT SIZE    =   ----    ----
   XDATA SIZE       =   ----    ----
   PDATA SIZE       =   ----    ----
   DATA SIZE        =   ----    ----
   IDATA SIZE       =   ----    ----
   BIT SIZE         =   ----    ----
END OF MODULE INFORMATION.


C51 COMPILATION COMPLETE.  0 WARNING(S),  0 ERROR(S)
