C51 COMPILER V9.54   MAIN                                                                  04/30/2016 17:41:17 PAGE 1   


C51 COMPILER V9.54, COMPILATION OF MODULE MAIN
OBJECT MODULE PLACED IN .\Objects\main.obj
COMPILER INVOKED BY: C:\Keil_v5\C51\BIN\C51.EXE main.c OPTIMIZE(8,SPEED) BROWSE DEBUG OBJECTEXTEND PRINT(.\Listings\main
                    -.lst) TABS(2) OBJECT(.\Objects\main.obj)

line level    source

   1          /*
   2          LED Chaser program
   3           Connect LEDs to PORT 2 (use 1k resistors )
   4          */
   5          #include <reg51.h>
   6          
   7          void delay(int d){
   8   1      int i,j;
   9   1        for(i=0;i<d;i++){
  10   2        for(j=0;j<256;j++);
  11   2        }
  12   1      }
  13          
  14          int main(){
  15   1      P2=0x00;
  16   1        while(1){
  17   2         P2=0x80;
  18   2          while(P2){
  19   3            delay(100);
  20   3            P2=P2>>1;
  21   3          }
  22   2        }
  23   1      }


MODULE INFORMATION:   STATIC OVERLAYABLE
   CODE SIZE        =     65    ----
   CONSTANT SIZE    =   ----    ----
   XDATA SIZE       =   ----    ----
   PDATA SIZE       =   ----    ----
   DATA SIZE        =   ----    ----
   IDATA SIZE       =   ----    ----
   BIT SIZE         =   ----    ----
END OF MODULE INFORMATION.


C51 COMPILATION COMPLETE.  0 WARNING(S),  0 ERROR(S)
